<?xml version="1.0" encoding="UTF-8"?>
<!-- Generated by org.testng.reporters.JUnitReportReporter -->
<testsuite hostname="QA-RYADAV01" failures="0" tests="1" name="Group1.ClassTwoTest" time="0.001" errors="0" timestamp="2022-04-12T10:42:08 GMT+05:30" skipped="0">
  <testcase classname="Group1.ClassTwoTest" name="m3" time="0.001"/>
  <system-out/>
</testsuite> <!-- Group1.ClassTwoTest -->
