<?xml version="1.0" encoding="UTF-8"?>
<!-- Generated by org.testng.reporters.JUnitReportReporter -->
<testsuite hostname="QA-RYADAV01" failures="0" tests="2" name="Group1.ClassOneTest" time="0.018" errors="0" timestamp="2022-04-12T10:42:08 GMT+05:30" skipped="0">
  <testcase classname="Group1.ClassOneTest" name="m1" time="0.015"/>
  <system-out/>
  <testcase classname="Group1.ClassOneTest" name="m2" time="0.003"/>
  <system-out/>
</testsuite> <!-- Group1.ClassOneTest -->
