<?xml version="1.0" encoding="UTF-8"?>
<!-- Generated by org.testng.reporters.JUnitReportReporter -->
<testsuite hostname="QA-RYADAV01" failures="0" tests="2" name="Group1.ClassTwoTest" time="0.002" errors="0" timestamp="2022-04-11T11:50:45 GMT+05:30" skipped="0">
  <testcase classname="Group1.ClassTwoTest" name="m3" time="0.001"/>
  <system-out/>
  <testcase classname="Group1.ClassTwoTest" name="m4" time="0.001"/>
  <system-out/>
</testsuite> <!-- Group1.ClassTwoTest -->
