<?xml version="1.0" encoding="UTF-8"?>
<!-- Generated by org.testng.reporters.JUnitReportReporter -->
<testsuite hostname="QA-RYADAV01" failures="0" tests="1" name="Group1.AppTest" time="0.026" errors="0" timestamp="2022-04-11T11:50:47 GMT+05:30" skipped="0">
  <testcase classname="Group1.AppTest" name="shouldAnswerWithTrue" time="0.026"/>
  <system-out/>
</testsuite> <!-- Group1.AppTest -->
