<?xml version="1.0" encoding="UTF-8"?>
<!-- Generated by org.testng.reporters.JUnitReportReporter -->
<testsuite hostname="QA-RYADAV01" failures="0" tests="5" name="testngFramework.Day1Tut" time="0.018" errors="0" timestamp="2022-04-11T12:03:38 GMT+05:30" skipped="0">
  <testcase classname="testngFramework.Day1Tut" name="Demo7" time="0.006"/>
  <system-out/>
  <testcase classname="testngFramework.Day1Tut" name="m1" time="0.003"/>
  <system-out/>
  <testcase classname="testngFramework.Day1Tut" name="Demo7" time="0.003"/>
  <system-out/>
  <testcase classname="testngFramework.Day1Tut" name="Demo7" time="0.004"/>
  <system-out/>
  <testcase classname="testngFramework.Day1Tut" name="m2" time="0.002"/>
  <system-out/>
</testsuite> <!-- testngFramework.Day1Tut -->
