<?xml version="1.0" encoding="UTF-8"?>
<!-- Generated by org.testng.reporters.JUnitReportReporter -->
<testsuite hostname="QA-RYADAV01" failures="0" tests="2" name="testngFramework.Day3" time="0.005" errors="0" timestamp="2022-04-11T12:03:38 GMT+05:30" skipped="0">
  <testcase classname="testngFramework.Day3" name="myclass" time="0.003"/>
  <system-out/>
  <testcase classname="testngFramework.Day3" name="mydivision" time="0.002"/>
  <system-out/>
</testsuite> <!-- testngFramework.Day3 -->
