<?xml version="1.0" encoding="UTF-8"?>
<!-- Generated by org.testng.reporters.JUnitReportReporter -->
<testsuite hostname="QA-RYADAV01" failures="0" tests="2" name="AcademyTest.HomePageTest" time="88.955" errors="0" timestamp="2022-05-05T10:43:35 GMT+05:30" skipped="0">
  <testcase classname="AcademyTest.HomePageTest" name="basepageNavigation" time="32.586"/>
  <system-out/>
  <testcase classname="AcademyTest.HomePageTest" name="basepageNavigation" time="56.369"/>
  <system-out/>
</testsuite> <!-- AcademyTest.HomePageTest -->
