<?xml version="1.0" encoding="UTF-8"?>
<!-- Generated by org.testng.reporters.JUnitReportReporter -->
<testsuite hostname="QA-RYADAV01" failures="0" tests="1" name="AcademyTest.TitleValidationTest" time="0.258" errors="0" timestamp="2022-05-05T10:43:35 GMT+05:30" skipped="0">
  <testcase classname="AcademyTest.TitleValidationTest" name="basepageNavigation" time="0.258"/>
  <system-out/>
</testsuite> <!-- AcademyTest.TitleValidationTest -->
