<?xml version="1.0" encoding="UTF-8"?>
<!-- Generated by org.testng.reporters.JUnitReportReporter -->
<testsuite hostname="QA-RYADAV01" failures="0" tests="1" name="AcademyTest.NavBarValidationTest" time="0.269" errors="0" timestamp="2022-05-05T10:43:35 GMT+05:30" skipped="0">
  <testcase classname="AcademyTest.NavBarValidationTest" name="basepageNavigation" time="0.269"/>
  <system-out/>
</testsuite> <!-- AcademyTest.NavBarValidationTest -->
